<?xml version="1.0" encoding="UTF-8"?>
<testsuite name="Amazon Test"
           tests="3"
           failures="0"
           errors="0"
           skipped="0"
           time="41.091">
  <properties />
  
  
            <testcase name="test3_returnLowestPriceItem" time="20.716" classname="amazonTest.amazon" />
                <testcase name="test1_getLastImageURL" time="10.365" classname="amazonTest.amazon" />
                <testcase name="test2verifySearchQuery" time="10.010" classname="amazonTest.amazon" />
      
</testsuite>
